1591301469716	mozrunner::runner	INFO	Running command: "/usr/bin/firefox" "-marionette" "--proxy-server=socks5://163.172.70.236:2301" "--no-sandbox" "-foreground" "-no-remote" "-profile" "/tmp/rust_mozprofile6R2puS"
1591301475390	addons.webextension.doh-rollout@mozilla.org	WARN	Loading extension 'doh-rollout@mozilla.org': Reading manifest: Invalid extension permission: networkStatus
1591301477677	addons.webextension.screenshots@mozilla.org	WARN	Loading extension 'screenshots@mozilla.org': Reading manifest: Invalid extension permission: mozillaAddons
1591301477677	addons.webextension.screenshots@mozilla.org	WARN	Loading extension 'screenshots@mozilla.org': Reading manifest: Invalid extension permission: telemetry
1591301477678	addons.webextension.screenshots@mozilla.org	WARN	Loading extension 'screenshots@mozilla.org': Reading manifest: Invalid extension permission: resource://pdf.js/
1591301477678	addons.webextension.screenshots@mozilla.org	WARN	Loading extension 'screenshots@mozilla.org': Reading manifest: Invalid extension permission: about:reader*
1591301485621	Marionette	INFO	Listening on port 38597
1591301485681	Marionette	WARN	TLS certificate errors will be ignored for this session
1591301485684	Marionette	INFO	Proxy settings initialised: {"proxyType":"manual","httpProxy":"127.0.0.1:33555","noProxy":[],"sslProxy":"127.0.0.1:33555"}
JavaScript error: https://maps.googleapis.com/maps/api/js?client=google-maps-embed&paint_origin=&libraries=geometry,search&v=3.exp&language=en_US&callback=onApiLoad, line 94: Error: Could not load "search_impl".
JavaScript error: https://maps.googleapis.com/maps/api/js?client=google-maps-embed&paint_origin=&libraries=geometry,search&v=3.exp&language=en_US&callback=onApiLoad, line 94: Error: Could not load "search_impl".
JavaScript error: https://maps.googleapis.com/maps/api/js?client=google-maps-embed&paint_origin=&libraries=geometry,search&v=3.exp&language=en_US&callback=onApiLoad, line 94: Error: Could not load "search_impl".
JavaScript error: https://maps.googleapis.com/maps/api/js?client=google-maps-embed&paint_origin=&libraries=geometry,search&v=3.exp&language=en_US&callback=onApiLoad, line 94: Error: Could not load "search_impl".
JavaScript error: https://maps.googleapis.com/maps/api/js?client=google-maps-embed&paint_origin=&libraries=geometry,search&v=3.exp&language=en_US&callback=onApiLoad, line 94: Error: Could not load "search_impl".
JavaScript error: https://maps.googleapis.com/maps/api/js?client=google-maps-embed&paint_origin=&libraries=geometry,search&v=3.exp&language=en_US&callback=onApiLoad, line 94: Error: Could not load "util".
JavaScript error: https://maps.googleapis.com/maps/api/js?client=google-maps-embed&paint_origin=&libraries=geometry,search&v=3.exp&language=en_US&callback=onApiLoad, line 94: Error: Could not load "util".
JavaScript error: https://maps.googleapis.com/maps/api/js?client=google-maps-embed&paint_origin=&libraries=geometry,search&v=3.exp&language=en_US&callback=onApiLoad, line 94: Error: Could not load "util".
JavaScript error: https://maps.googleapis.com/maps/api/js?client=google-maps-embed&paint_origin=&libraries=geometry,search&v=3.exp&language=en_US&callback=onApiLoad, line 94: Error: Could not load "util".
JavaScript error: https://maps.googleapis.com/maps/api/js?client=google-maps-embed&paint_origin=&libraries=geometry,search&v=3.exp&language=en_US&callback=onApiLoad, line 94: Error: Could not load "util".
JavaScript error: https://maps.googleapis.com/maps/api/js?client=google-maps-embed&paint_origin=&libraries=geometry,search&v=3.exp&language=en_US&callback=onApiLoad, line 94: Error: Could not load "util".
JavaScript error: https://maps.googleapis.com/maps/api/js?client=google-maps-embed&paint_origin=&libraries=geometry,search&v=3.exp&language=en_US&callback=onApiLoad, line 94: Error: Could not load "util".
JavaScript error: https://maps.googleapis.com/maps/api/js?client=google-maps-embed&paint_origin=&libraries=geometry,search&v=3.exp&language=en_US&callback=onApiLoad, line 94: Error: Could not load "util".
JavaScript error: https://maps.googleapis.com/maps/api/js?client=google-maps-embed&paint_origin=&libraries=geometry,search&v=3.exp&language=en_US&callback=onApiLoad, line 94: Error: Could not load "util".
JavaScript error: https://maps.googleapis.com/maps/api/js?client=google-maps-embed&paint_origin=&libraries=geometry,search&v=3.exp&language=en_US&callback=onApiLoad, line 94: Error: Could not load "util".
JavaScript error: https://maps.googleapis.com/maps/api/js?client=google-maps-embed&paint_origin=&libraries=geometry,search&v=3.exp&language=en_US&callback=onApiLoad, line 94: Error: Could not load "util".
JavaScript error: https://maps.googleapis.com/maps/api/js?client=google-maps-embed&paint_origin=&libraries=geometry,search&v=3.exp&language=en_US&callback=onApiLoad, line 94: Error: Could not load "util".
JavaScript error: https://maps.googleapis.com/maps/api/js?client=google-maps-embed&paint_origin=&libraries=geometry,search&v=3.exp&language=en_US&callback=onApiLoad, line 94: Error: Could not load "util".
JavaScript error: https://maps.googleapis.com/maps/api/js?client=google-maps-embed&paint_origin=&libraries=geometry,search&v=3.exp&language=en_US&callback=onApiLoad, line 94: Error: Could not load "util".
JavaScript error: https://maps.googleapis.com/maps/api/js?client=google-maps-embed&paint_origin=&libraries=geometry,search&v=3.exp&language=en_US&callback=onApiLoad, line 94: Error: Could not load "util".
JavaScript error: https://maps.googleapis.com/maps/api/js?client=google-maps-embed&paint_origin=&libraries=geometry,search&v=3.exp&language=en_US&callback=onApiLoad, line 94: Error: Could not load "util".
JavaScript error: https://maps.googleapis.com/maps/api/js?client=google-maps-embed&paint_origin=&libraries=geometry,search&v=3.exp&language=en_US&callback=onApiLoad, line 94: Error: Could not load "util".
JavaScript error: https://maps.googleapis.com/maps/api/js?client=google-maps-embed&paint_origin=&libraries=geometry,search&v=3.exp&language=en_US&callback=onApiLoad, line 94: Error: Could not load "util".
JavaScript error: https://maps.googleapis.com/maps/api/js?client=google-maps-embed&paint_origin=&libraries=geometry,search&v=3.exp&language=en_US&callback=onApiLoad, line 94: Error: Could not load "util".
JavaScript error: https://maps.googleapis.com/maps/api/js?client=google-maps-embed&paint_origin=&libraries=geometry,search&v=3.exp&language=en_US&callback=onApiLoad, line 94: Error: Could not load "util".
JavaScript error: https://maps.googleapis.com/maps/api/js?client=google-maps-embed&paint_origin=&libraries=geometry,search&v=3.exp&language=en_US&callback=onApiLoad, line 94: Error: Could not load "util".
JavaScript error: https://maps.googleapis.com/maps/api/js?client=google-maps-embed&paint_origin=&libraries=geometry,search&v=3.exp&language=en_US&callback=onApiLoad, line 94: Error: Could not load "util".
JavaScript error: https://maps.googleapis.com/maps/api/js?client=google-maps-embed&paint_origin=&libraries=geometry,search&v=3.exp&language=en_US&callback=onApiLoad, line 94: Error: Could not load "util".
JavaScript error: https://maps.googleapis.com/maps/api/js?client=google-maps-embed&paint_origin=&libraries=geometry,search&v=3.exp&language=en_US&callback=onApiLoad, line 94: Error: Could not load "util".
JavaScript error: https://maps.googleapis.com/maps/api/js?client=google-maps-embed&paint_origin=&libraries=geometry,search&v=3.exp&language=en_US&callback=onApiLoad, line 94: Error: Could not load "util".
JavaScript error: https://maps.googleapis.com/maps/api/js?client=google-maps-embed&paint_origin=&libraries=geometry,search&v=3.exp&language=en_US&callback=onApiLoad, line 94: Error: Could not load "util".
JavaScript error: https://maps.googleapis.com/maps/api/js?client=google-maps-embed&paint_origin=&libraries=geometry,search&v=3.exp&language=en_US&callback=onApiLoad, line 94: Error: Could not load "util".
JavaScript error: https://maps.googleapis.com/maps/api/js?client=google-maps-embed&paint_origin=&libraries=geometry,search&v=3.exp&language=en_US&callback=onApiLoad, line 94: Error: Could not load "util".
JavaScript error: https://maps.googleapis.com/maps/api/js?client=google-maps-embed&paint_origin=&libraries=geometry,search&v=3.exp&language=en_US&callback=onApiLoad, line 94: Error: Could not load "util".
JavaScript error: https://maps.googleapis.com/maps/api/js?client=google-maps-embed&paint_origin=&libraries=geometry,search&v=3.exp&language=en_US&callback=onApiLoad, line 94: Error: Could not load "util".
JavaScript error: https://maps.googleapis.com/maps/api/js?client=google-maps-embed&paint_origin=&libraries=geometry,search&v=3.exp&language=en_US&callback=onApiLoad, line 94: Error: Could not load "util".
JavaScript error: https://maps.googleapis.com/maps/api/js?client=google-maps-embed&paint_origin=&libraries=geometry,search&v=3.exp&language=en_US&callback=onApiLoad, line 94: Error: Could not load "util".
JavaScript error: https://maps.googleapis.com/maps/api/js?client=google-maps-embed&paint_origin=&libraries=geometry,search&v=3.exp&language=en_US&callback=onApiLoad, line 94: Error: Could not load "util".
JavaScript error: https://maps.googleapis.com/maps/api/js?client=google-maps-embed&paint_origin=&libraries=geometry,search&v=3.exp&language=en_US&callback=onApiLoad, line 94: Error: Could not load "util".
JavaScript error: https://maps.googleapis.com/maps/api/js?client=google-maps-embed&paint_origin=&libraries=geometry,search&v=3.exp&language=en_US&callback=onApiLoad, line 94: Error: Could not load "util".
JavaScript error: https://maps.googleapis.com/maps/api/js?client=google-maps-embed&paint_origin=&libraries=geometry,search&v=3.exp&language=en_US&callback=onApiLoad, line 94: Error: Could not load "util".
1591301527855	Marionette	INFO	Stopped listening on port 38597

###!!! [Child][MessageChannel] Error: (msgtype=0x5A0011,name=PHttpChannel::Msg___delete__) Channel closing: too late to send/recv, messages will be lost


###!!! [Child][RunMessage] Error: Channel closing: too late to send/recv, messages will be lost

1591303490559	mozrunner::runner	INFO	Running command: "/usr/bin/firefox" "-marionette" "--proxy-server=socks5://163.172.70.236:2301" "--no-sandbox" "-foreground" "-no-remote" "-profile" "/tmp/rust_mozprofilebcP17K"
1591303495944	addons.webextension.doh-rollout@mozilla.org	WARN	Loading extension 'doh-rollout@mozilla.org': Reading manifest: Invalid extension permission: networkStatus
1591303497935	addons.webextension.screenshots@mozilla.org	WARN	Loading extension 'screenshots@mozilla.org': Reading manifest: Invalid extension permission: mozillaAddons
1591303497935	addons.webextension.screenshots@mozilla.org	WARN	Loading extension 'screenshots@mozilla.org': Reading manifest: Invalid extension permission: telemetry
1591303497935	addons.webextension.screenshots@mozilla.org	WARN	Loading extension 'screenshots@mozilla.org': Reading manifest: Invalid extension permission: resource://pdf.js/
1591303497935	addons.webextension.screenshots@mozilla.org	WARN	Loading extension 'screenshots@mozilla.org': Reading manifest: Invalid extension permission: about:reader*
1591303504310	Marionette	INFO	Listening on port 46063
1591303504476	Marionette	WARN	TLS certificate errors will be ignored for this session
1591303504478	Marionette	INFO	Proxy settings initialised: {"proxyType":"manual","httpProxy":"127.0.0.1:43977","noProxy":[],"sslProxy":"127.0.0.1:43977"}
1591304536741	Marionette	INFO	Stopped listening on port 46063
